2026-04-27T09:26:00.936+01:00  INFO 19992 --- [Celonis_Service] [main] c.e.C.CelonisServiceApplication          : Starting CelonisServiceApplication using Java 26 with PID 19992 (C:\Users\eya.benslimene_amari\Downloads\Celonis_Service\Celonis_Service\target\classes started by eya.benslimene_amari in C:\Users\eya.benslimene_amari\Downloads\Celonis_Service\Celonis_Service)
2026-04-27T09:26:00.939+01:00  INFO 19992 --- [Celonis_Service] [main] c.e.C.CelonisServiceApplication          : No active profile set, falling back to 1 default profile: "default"
2026-04-27T09:26:01.947+01:00  INFO 19992 --- [Celonis_Service] [main] .s.d.r.c.RepositoryConfigurationDelegate : Multiple Spring Data modules found, entering strict repository configuration mode
2026-04-27T09:26:01.948+01:00  INFO 19992 --- [Celonis_Service] [main] .s.d.r.c.RepositoryConfigurationDelegate : Bootstrapping Spring Data JPA repositories in DEFAULT mode.
2026-04-27T09:26:02.003+01:00  INFO 19992 --- [Celonis_Service] [main] .RepositoryConfigurationExtensionSupport : Spring Data JPA - Could not safely identify store assignment for repository candidate interface com.example.Celonis_Service.Repo.ActivityLogRepository; If you want this repository to be a JPA repository, consider annotating your entities with one of these annotations: jakarta.persistence.Entity, jakarta.persistence.MappedSuperclass (preferred), or consider extending one of the following types with your repository: org.springframework.data.jpa.repository.JpaRepository
2026-04-27T09:26:02.031+01:00  INFO 19992 --- [Celonis_Service] [main] .s.d.r.c.RepositoryConfigurationDelegate : Finished Spring Data repository scanning in 64 ms. Found 1 JPA repository interface.
2026-04-27T09:26:02.639+01:00  INFO 19992 --- [Celonis_Service] [main] o.s.boot.tomcat.TomcatWebServer          : Tomcat initialized with port 8082 (http)
2026-04-27T09:26:02.662+01:00  INFO 19992 --- [Celonis_Service] [main] o.apache.catalina.core.StandardService   : Starting service [Tomcat]
2026-04-27T09:26:02.662+01:00  INFO 19992 --- [Celonis_Service] [main] o.apache.catalina.core.StandardEngine    : Starting Servlet engine: [Apache Tomcat/11.0.20]
2026-04-27T09:26:02.750+01:00  INFO 19992 --- [Celonis_Service] [main] b.w.c.s.WebApplicationContextInitializer : Root WebApplicationContext: initialization completed in 1764 ms
2026-04-27T09:26:02.999+01:00  INFO 19992 --- [Celonis_Service] [main] org.hibernate.orm.jpa                    : HHH008540: Processing PersistenceUnitInfo [name: default]
2026-04-27T09:26:03.090+01:00  INFO 19992 --- [Celonis_Service] [main] org.hibernate.orm.core                   : HHH000001: Hibernate ORM core version 7.2.7.Final
2026-04-27T09:26:03.720+01:00  INFO 19992 --- [Celonis_Service] [main] o.s.o.j.p.SpringPersistenceUnitInfo      : No LoadTimeWeaver setup: ignoring JPA class transformer
2026-04-27T09:26:03.767+01:00  INFO 19992 --- [Celonis_Service] [main] com.zaxxer.hikari.HikariDataSource       : HikariPool-1 - Starting...
2026-04-27T09:26:03.988+01:00  INFO 19992 --- [Celonis_Service] [main] com.zaxxer.hikari.pool.HikariPool        : HikariPool-1 - Added connection conn0: url=jdbc:h2:mem:testdb user=SA
2026-04-27T09:26:03.990+01:00  INFO 19992 --- [Celonis_Service] [main] com.zaxxer.hikari.HikariDataSource       : HikariPool-1 - Start completed.
2026-04-27T09:26:04.020+01:00  WARN 19992 --- [Celonis_Service] [main] org.hibernate.orm.deprecation            : HHH90000025: H2Dialect does not need to be specified explicitly using 'hibernate.dialect' (remove the property setting and it will be selected by default)
2026-04-27T09:26:04.049+01:00  INFO 19992 --- [Celonis_Service] [main] org.hibernate.orm.connections.pooling    : HHH10001005: Database info:
	Database JDBC URL [jdbc:h2:mem:testdb]
	Database driver: H2 JDBC Driver
	Database dialect: H2Dialect
	Database version: 2.4.240
	Default catalog/schema: TESTDB/PUBLIC
	Autocommit mode: undefined/unknown
	Isolation level: READ_COMMITTED [default READ_COMMITTED]
	JDBC fetch size: 100
	Pool: DataSourceConnectionProvider
	Minimum pool size: undefined/unknown
	Maximum pool size: undefined/unknown
2026-04-27T09:26:04.804+01:00  INFO 19992 --- [Celonis_Service] [main] org.hibernate.orm.core                   : HHH000489: No JTA platform available (set 'hibernate.transaction.jta.platform' to enable JTA platform integration)
2026-04-27T09:26:04.865+01:00  INFO 19992 --- [Celonis_Service] [main] j.LocalContainerEntityManagerFactoryBean : Initialized JPA EntityManagerFactory for persistence unit 'default'
2026-04-27T09:26:04.959+01:00  INFO 19992 --- [Celonis_Service] [main] o.s.d.j.r.query.QueryEnhancerFactories   : Hibernate is in classpath; If applicable, HQL parser will be used.
2026-04-27T09:26:06.123+01:00  WARN 19992 --- [Celonis_Service] [main] JpaBaseConfiguration$JpaWebConfiguration : spring.jpa.open-in-view is enabled by default. Therefore, database queries may be performed during view rendering. Explicitly configure spring.jpa.open-in-view to disable this warning
2026-04-27T09:26:06.249+01:00  INFO 19992 --- [Celonis_Service] [main] r$InitializeUserDetailsManagerConfigurer : Global AuthenticationManager configured with UserDetailsService bean with name inMemoryUserDetailsManager
2026-04-27T09:26:06.742+01:00  INFO 19992 --- [Celonis_Service] [main] o.s.boot.tomcat.TomcatWebServer          : Tomcat started on port 8082 (http) with context path '/'
2026-04-27T09:26:06.746+01:00  INFO 19992 --- [Celonis_Service] [main] c.e.C.CelonisServiceApplication          : Started CelonisServiceApplication in 6.267 seconds (process running for 9.409)
2026-04-27T09:26:39.359+01:00  INFO 19992 --- [Celonis_Service] [pool-4-thread-1] c.e.C.Service.VerifyApplicantWorker      : LOG SAVED: REJECTED
2026-04-27T09:27:02.364+01:00  INFO 19992 --- [Celonis_Service] [http-nio-8082-exec-1] o.a.c.c.C.[Tomcat].[localhost].[/]       : Initializing Spring DispatcherServlet 'dispatcherServlet'
2026-04-27T09:27:02.364+01:00  INFO 19992 --- [Celonis_Service] [http-nio-8082-exec-1] o.s.web.servlet.DispatcherServlet        : Initializing Servlet 'dispatcherServlet'
2026-04-27T09:27:02.366+01:00  INFO 19992 --- [Celonis_Service] [http-nio-8082-exec-1] o.s.web.servlet.DispatcherServlet        : Completed initialization in 2 ms
2026-04-27T09:35:18.640+01:00  INFO 19992 --- [Celonis_Service] [SpringApplicationShutdownHook] o.s.boot.tomcat.GracefulShutdown         : Commencing graceful shutdown. Waiting for active requests to complete
2026-04-27T09:35:18.649+01:00  INFO 19992 --- [Celonis_Service] [tomcat-shutdown] o.s.boot.tomcat.GracefulShutdown         : Graceful shutdown complete
2026-04-27T09:35:18.671+01:00  INFO 19992 --- [Celonis_Service] [SpringApplicationShutdownHook] j.LocalContainerEntityManagerFactoryBean : Closing JPA EntityManagerFactory for persistence unit 'default'
2026-04-27T09:35:18.676+01:00  INFO 19992 --- [Celonis_Service] [SpringApplicationShutdownHook] com.zaxxer.hikari.HikariDataSource       : HikariPool-1 - Shutdown initiated...
2026-04-27T09:35:18.678+01:00  INFO 19992 --- [Celonis_Service] [SpringApplicationShutdownHook] com.zaxxer.hikari.HikariDataSource       : HikariPool-1 - Shutdown completed.
2026-04-27T09:35:23.513+01:00  INFO 4304 --- [Celonis_Service] [main] c.e.C.CelonisServiceApplication          : Starting CelonisServiceApplication using Java 26 with PID 4304 (C:\Users\eya.benslimene_amari\Downloads\Celonis_Service\Celonis_Service\target\classes started by eya.benslimene_amari in C:\Users\eya.benslimene_amari\Downloads\Celonis_Service\Celonis_Service)
2026-04-27T09:35:23.519+01:00  INFO 4304 --- [Celonis_Service] [main] c.e.C.CelonisServiceApplication          : No active profile set, falling back to 1 default profile: "default"
2026-04-27T09:35:24.266+01:00  INFO 4304 --- [Celonis_Service] [main] .s.d.r.c.RepositoryConfigurationDelegate : Multiple Spring Data modules found, entering strict repository configuration mode
2026-04-27T09:35:24.267+01:00  INFO 4304 --- [Celonis_Service] [main] .s.d.r.c.RepositoryConfigurationDelegate : Bootstrapping Spring Data JPA repositories in DEFAULT mode.
2026-04-27T09:35:24.308+01:00  INFO 4304 --- [Celonis_Service] [main] .RepositoryConfigurationExtensionSupport : Spring Data JPA - Could not safely identify store assignment for repository candidate interface com.example.Celonis_Service.Repo.ActivityLogRepository; If you want this repository to be a JPA repository, consider annotating your entities with one of these annotations: jakarta.persistence.Entity, jakarta.persistence.MappedSuperclass (preferred), or consider extending one of the following types with your repository: org.springframework.data.jpa.repository.JpaRepository
2026-04-27T09:35:24.328+01:00  INFO 4304 --- [Celonis_Service] [main] .s.d.r.c.RepositoryConfigurationDelegate : Finished Spring Data repository scanning in 53 ms. Found 1 JPA repository interface.
2026-04-27T09:35:24.818+01:00  INFO 4304 --- [Celonis_Service] [main] o.s.boot.tomcat.TomcatWebServer          : Tomcat initialized with port 8082 (http)
2026-04-27T09:35:24.830+01:00  INFO 4304 --- [Celonis_Service] [main] o.apache.catalina.core.StandardService   : Starting service [Tomcat]
2026-04-27T09:35:24.830+01:00  INFO 4304 --- [Celonis_Service] [main] o.apache.catalina.core.StandardEngine    : Starting Servlet engine: [Apache Tomcat/11.0.20]
2026-04-27T09:35:24.896+01:00  INFO 4304 --- [Celonis_Service] [main] b.w.c.s.WebApplicationContextInitializer : Root WebApplicationContext: initialization completed in 1323 ms
2026-04-27T09:35:25.074+01:00  INFO 4304 --- [Celonis_Service] [main] org.hibernate.orm.jpa                    : HHH008540: Processing PersistenceUnitInfo [name: default]
2026-04-27T09:35:25.145+01:00  INFO 4304 --- [Celonis_Service] [main] org.hibernate.orm.core                   : HHH000001: Hibernate ORM core version 7.2.7.Final
2026-04-27T09:35:25.579+01:00  INFO 4304 --- [Celonis_Service] [main] o.s.o.j.p.SpringPersistenceUnitInfo      : No LoadTimeWeaver setup: ignoring JPA class transformer
2026-04-27T09:35:25.612+01:00  INFO 4304 --- [Celonis_Service] [main] com.zaxxer.hikari.HikariDataSource       : HikariPool-1 - Starting...
2026-04-27T09:35:25.807+01:00  INFO 4304 --- [Celonis_Service] [main] com.zaxxer.hikari.pool.HikariPool        : HikariPool-1 - Added connection conn0: url=jdbc:h2:mem:testdb user=SA
2026-04-27T09:35:25.809+01:00  INFO 4304 --- [Celonis_Service] [main] com.zaxxer.hikari.HikariDataSource       : HikariPool-1 - Start completed.
2026-04-27T09:35:25.839+01:00  WARN 4304 --- [Celonis_Service] [main] org.hibernate.orm.deprecation            : HHH90000025: H2Dialect does not need to be specified explicitly using 'hibernate.dialect' (remove the property setting and it will be selected by default)
2026-04-27T09:35:25.863+01:00  INFO 4304 --- [Celonis_Service] [main] org.hibernate.orm.connections.pooling    : HHH10001005: Database info:
	Database JDBC URL [jdbc:h2:mem:testdb]
	Database driver: H2 JDBC Driver
	Database dialect: H2Dialect
	Database version: 2.4.240
	Default catalog/schema: TESTDB/PUBLIC
	Autocommit mode: undefined/unknown
	Isolation level: READ_COMMITTED [default READ_COMMITTED]
	JDBC fetch size: 100
	Pool: DataSourceConnectionProvider
	Minimum pool size: undefined/unknown
	Maximum pool size: undefined/unknown
2026-04-27T09:35:26.726+01:00  INFO 4304 --- [Celonis_Service] [main] org.hibernate.orm.core                   : HHH000489: No JTA platform available (set 'hibernate.transaction.jta.platform' to enable JTA platform integration)
2026-04-27T09:35:26.794+01:00  INFO 4304 --- [Celonis_Service] [main] j.LocalContainerEntityManagerFactoryBean : Initialized JPA EntityManagerFactory for persistence unit 'default'
2026-04-27T09:35:26.864+01:00  INFO 4304 --- [Celonis_Service] [main] o.s.d.j.r.query.QueryEnhancerFactories   : Hibernate is in classpath; If applicable, HQL parser will be used.
2026-04-27T09:35:28.415+01:00  WARN 4304 --- [Celonis_Service] [main] JpaBaseConfiguration$JpaWebConfiguration : spring.jpa.open-in-view is enabled by default. Therefore, database queries may be performed during view rendering. Explicitly configure spring.jpa.open-in-view to disable this warning
2026-04-27T09:35:28.542+01:00  INFO 4304 --- [Celonis_Service] [main] r$InitializeUserDetailsManagerConfigurer : Global AuthenticationManager configured with UserDetailsService bean with name inMemoryUserDetailsManager
2026-04-27T09:35:29.192+01:00  INFO 4304 --- [Celonis_Service] [main] o.s.boot.tomcat.TomcatWebServer          : Tomcat started on port 8082 (http) with context path '/'
2026-04-27T09:35:29.200+01:00  INFO 4304 --- [Celonis_Service] [main] c.e.C.CelonisServiceApplication          : Started CelonisServiceApplication in 6.172 seconds (process running for 6.915)
2026-04-27T09:36:42.062+01:00  INFO 4304 --- [Celonis_Service] [pool-4-thread-1] c.e.C.Service.VerifyApplicantWorker      : LOG_ID=10755671-b9df-4307-b812-64e02bdae98d | STATUS=REJECTED | ACTIVITY=Activity_061ak10 | MESSAGE=Product not found | DURATION=602ms
2026-04-27T09:42:15.945+01:00  INFO 4304 --- [Celonis_Service] [http-nio-8082-exec-1] o.a.c.c.C.[Tomcat].[localhost].[/]       : Initializing Spring DispatcherServlet 'dispatcherServlet'
2026-04-27T09:42:15.945+01:00  INFO 4304 --- [Celonis_Service] [http-nio-8082-exec-1] o.s.web.servlet.DispatcherServlet        : Initializing Servlet 'dispatcherServlet'
2026-04-27T09:42:15.947+01:00  INFO 4304 --- [Celonis_Service] [http-nio-8082-exec-1] o.s.web.servlet.DispatcherServlet        : Completed initialization in 2 ms
2026-04-27T10:02:06.591+01:00  INFO 4304 --- [Celonis_Service] [SpringApplicationShutdownHook] o.s.boot.tomcat.GracefulShutdown         : Commencing graceful shutdown. Waiting for active requests to complete
2026-04-27T10:02:06.599+01:00  INFO 4304 --- [Celonis_Service] [tomcat-shutdown] o.s.boot.tomcat.GracefulShutdown         : Graceful shutdown complete
2026-04-27T10:02:06.617+01:00  INFO 4304 --- [Celonis_Service] [SpringApplicationShutdownHook] j.LocalContainerEntityManagerFactoryBean : Closing JPA EntityManagerFactory for persistence unit 'default'
2026-04-27T10:02:06.620+01:00  INFO 4304 --- [Celonis_Service] [SpringApplicationShutdownHook] com.zaxxer.hikari.HikariDataSource       : HikariPool-1 - Shutdown initiated...
2026-04-27T10:02:06.623+01:00  INFO 4304 --- [Celonis_Service] [SpringApplicationShutdownHook] com.zaxxer.hikari.HikariDataSource       : HikariPool-1 - Shutdown completed.
2026-04-27T10:02:22.775+01:00  INFO 5208 --- [Celonis_Service] [main] c.e.C.CelonisServiceApplication          : Starting CelonisServiceApplication using Java 26 with PID 5208 (C:\Users\eya.benslimene_amari\Downloads\Celonis_Service\Celonis_Service\target\classes started by eya.benslimene_amari in C:\Users\eya.benslimene_amari\Downloads\Celonis_Service\Celonis_Service)
2026-04-27T10:02:22.779+01:00  INFO 5208 --- [Celonis_Service] [main] c.e.C.CelonisServiceApplication          : No active profile set, falling back to 1 default profile: "default"
2026-04-27T10:02:23.960+01:00  INFO 5208 --- [Celonis_Service] [main] .s.d.r.c.RepositoryConfigurationDelegate : Multiple Spring Data modules found, entering strict repository configuration mode
2026-04-27T10:02:23.962+01:00  INFO 5208 --- [Celonis_Service] [main] .s.d.r.c.RepositoryConfigurationDelegate : Bootstrapping Spring Data JPA repositories in DEFAULT mode.
2026-04-27T10:02:24.002+01:00  INFO 5208 --- [Celonis_Service] [main] .RepositoryConfigurationExtensionSupport : Spring Data JPA - Could not safely identify store assignment for repository candidate interface com.example.Celonis_Service.Repo.ActivityLogRepository; If you want this repository to be a JPA repository, consider annotating your entities with one of these annotations: jakarta.persistence.Entity, jakarta.persistence.MappedSuperclass (preferred), or consider extending one of the following types with your repository: org.springframework.data.jpa.repository.JpaRepository
2026-04-27T10:02:24.024+01:00  INFO 5208 --- [Celonis_Service] [main] .s.d.r.c.RepositoryConfigurationDelegate : Finished Spring Data repository scanning in 52 ms. Found 1 JPA repository interface.
2026-04-27T10:02:24.588+01:00  INFO 5208 --- [Celonis_Service] [main] o.s.boot.tomcat.TomcatWebServer          : Tomcat initialized with port 8082 (http)
2026-04-27T10:02:24.601+01:00  INFO 5208 --- [Celonis_Service] [main] o.apache.catalina.core.StandardService   : Starting service [Tomcat]
2026-04-27T10:02:24.602+01:00  INFO 5208 --- [Celonis_Service] [main] o.apache.catalina.core.StandardEngine    : Starting Servlet engine: [Apache Tomcat/11.0.20]
2026-04-27T10:02:24.665+01:00  INFO 5208 --- [Celonis_Service] [main] b.w.c.s.WebApplicationContextInitializer : Root WebApplicationContext: initialization completed in 1851 ms
2026-04-27T10:02:24.866+01:00  INFO 5208 --- [Celonis_Service] [main] org.hibernate.orm.jpa                    : HHH008540: Processing PersistenceUnitInfo [name: default]
2026-04-27T10:02:24.927+01:00  INFO 5208 --- [Celonis_Service] [main] org.hibernate.orm.core                   : HHH000001: Hibernate ORM core version 7.2.7.Final
2026-04-27T10:02:25.450+01:00  INFO 5208 --- [Celonis_Service] [main] o.s.o.j.p.SpringPersistenceUnitInfo      : No LoadTimeWeaver setup: ignoring JPA class transformer
2026-04-27T10:02:25.483+01:00  INFO 5208 --- [Celonis_Service] [main] com.zaxxer.hikari.HikariDataSource       : HikariPool-1 - Starting...
2026-04-27T10:02:25.651+01:00  INFO 5208 --- [Celonis_Service] [main] com.zaxxer.hikari.pool.HikariPool        : HikariPool-1 - Added connection conn0: url=jdbc:h2:mem:testdb user=SA
2026-04-27T10:02:25.652+01:00  INFO 5208 --- [Celonis_Service] [main] com.zaxxer.hikari.HikariDataSource       : HikariPool-1 - Start completed.
2026-04-27T10:02:25.688+01:00  WARN 5208 --- [Celonis_Service] [main] org.hibernate.orm.deprecation            : HHH90000025: H2Dialect does not need to be specified explicitly using 'hibernate.dialect' (remove the property setting and it will be selected by default)
2026-04-27T10:02:25.715+01:00  INFO 5208 --- [Celonis_Service] [main] org.hibernate.orm.connections.pooling    : HHH10001005: Database info:
	Database JDBC URL [jdbc:h2:mem:testdb]
	Database driver: H2 JDBC Driver
	Database dialect: H2Dialect
	Database version: 2.4.240
	Default catalog/schema: TESTDB/PUBLIC
	Autocommit mode: undefined/unknown
	Isolation level: READ_COMMITTED [default READ_COMMITTED]
	JDBC fetch size: 100
	Pool: DataSourceConnectionProvider
	Minimum pool size: undefined/unknown
	Maximum pool size: undefined/unknown
2026-04-27T10:02:26.625+01:00  INFO 5208 --- [Celonis_Service] [main] org.hibernate.orm.core                   : HHH000489: No JTA platform available (set 'hibernate.transaction.jta.platform' to enable JTA platform integration)
2026-04-27T10:02:26.681+01:00  INFO 5208 --- [Celonis_Service] [main] j.LocalContainerEntityManagerFactoryBean : Initialized JPA EntityManagerFactory for persistence unit 'default'
2026-04-27T10:02:26.743+01:00  INFO 5208 --- [Celonis_Service] [main] o.s.d.j.r.query.QueryEnhancerFactories   : Hibernate is in classpath; If applicable, HQL parser will be used.
2026-04-27T10:02:28.262+01:00  WARN 5208 --- [Celonis_Service] [main] JpaBaseConfiguration$JpaWebConfiguration : spring.jpa.open-in-view is enabled by default. Therefore, database queries may be performed during view rendering. Explicitly configure spring.jpa.open-in-view to disable this warning
2026-04-27T10:02:28.387+01:00  INFO 5208 --- [Celonis_Service] [main] r$InitializeUserDetailsManagerConfigurer : Global AuthenticationManager configured with UserDetailsService bean with name inMemoryUserDetailsManager
2026-04-27T10:02:28.862+01:00  INFO 5208 --- [Celonis_Service] [main] o.s.boot.tomcat.TomcatWebServer          : Tomcat started on port 8082 (http) with context path '/'
2026-04-27T10:02:28.868+01:00  INFO 5208 --- [Celonis_Service] [main] c.e.C.CelonisServiceApplication          : Started CelonisServiceApplication in 6.513 seconds (process running for 9.245)
2026-04-27T10:02:52.697+01:00  INFO 5208 --- [Celonis_Service] [pool-4-thread-1] c.e.C.Service.VerifyApplicantWorker      : Calling product API: https://dummyjson.com/products/999999999
2026-04-27T10:02:53.158+01:00  WARN 5208 --- [Celonis_Service] [pool-4-thread-1] c.e.C.Service.VerifyApplicantWorker      : API CALL FAILED: 404 Not Found on GET request for "https://dummyjson.com/products/999999999": "{"message":"Product with id '999999999' not found"}"
2026-04-27T10:02:53.159+01:00 ERROR 5208 --- [Celonis_Service] [pool-4-thread-1] c.e.C.Service.VerifyApplicantWorker      : API ERROR | process=4503599627374688 | API_ERROR: 404 Not Found on GET request for "https://dummyjson.com/products/999999999": "{"message":"Product with id '999999999' not found"}"
2026-04-27T10:02:53.245+01:00  INFO 5208 --- [Celonis_Service] [pool-4-thread-1] c.e.C.Service.VerifyApplicantWorker      : LOG_ID=c6589d99-6d9e-449e-af8f-7e3bdb8b1f13 | STATUS=API_ERROR | ACTIVITY=Activity_061ak10 | MESSAGE=API_ERROR: 404 Not Found on GET request for "https://dummyjson.com/products/999999999": "{"message":"Product with id '999999999' not found"}" | DURATION=556ms
2026-04-27T10:02:53.335+01:00  INFO 5208 --- [Celonis_Service] [pool-4-thread-1] c.e.C.Service.VerifyApplicantWorker      : Calling product API: https://dummyjson.com/products/999999999
2026-04-27T10:02:53.474+01:00  WARN 5208 --- [Celonis_Service] [pool-4-thread-1] c.e.C.Service.VerifyApplicantWorker      : API CALL FAILED: 404 Not Found on GET request for "https://dummyjson.com/products/999999999": "{"message":"Product with id '999999999' not found"}"
2026-04-27T10:02:53.475+01:00 ERROR 5208 --- [Celonis_Service] [pool-4-thread-1] c.e.C.Service.VerifyApplicantWorker      : API ERROR | process=4503599627374688 | API_ERROR: 404 Not Found on GET request for "https://dummyjson.com/products/999999999": "{"message":"Product with id '999999999' not found"}"
2026-04-27T10:02:53.555+01:00  INFO 5208 --- [Celonis_Service] [pool-4-thread-1] c.e.C.Service.VerifyApplicantWorker      : LOG_ID=6db77f3c-52bb-4bfd-aecd-f7ad76c7be12 | STATUS=API_ERROR | ACTIVITY=Activity_061ak10 | MESSAGE=API_ERROR: 404 Not Found on GET request for "https://dummyjson.com/products/999999999": "{"message":"Product with id '999999999' not found"}" | DURATION=220ms
2026-04-27T10:02:53.653+01:00  INFO 5208 --- [Celonis_Service] [pool-4-thread-1] c.e.C.Service.VerifyApplicantWorker      : Calling product API: https://dummyjson.com/products/999999999
2026-04-27T10:02:53.793+01:00  WARN 5208 --- [Celonis_Service] [pool-4-thread-1] c.e.C.Service.VerifyApplicantWorker      : API CALL FAILED: 404 Not Found on GET request for "https://dummyjson.com/products/999999999": "{"message":"Product with id '999999999' not found"}"
2026-04-27T10:02:53.793+01:00 ERROR 5208 --- [Celonis_Service] [pool-4-thread-1] c.e.C.Service.VerifyApplicantWorker      : API ERROR | process=4503599627374688 | API_ERROR: 404 Not Found on GET request for "https://dummyjson.com/products/999999999": "{"message":"Product with id '999999999' not found"}"
2026-04-27T10:02:53.864+01:00  INFO 5208 --- [Celonis_Service] [pool-4-thread-1] c.e.C.Service.VerifyApplicantWorker      : LOG_ID=873b05f2-f609-4285-a349-15f578bb201f | STATUS=API_ERROR | ACTIVITY=Activity_061ak10 | MESSAGE=API_ERROR: 404 Not Found on GET request for "https://dummyjson.com/products/999999999": "{"message":"Product with id '999999999' not found"}" | DURATION=211ms
2026-04-27T10:10:02.752+01:00 ERROR 5208 --- [Celonis_Service] [pool-4-thread-1] c.e.C.Service.VerifyApplicantWorker      : PARSING ERROR | process=6755399441060490 | For input string: "BSC"
2026-04-27T10:10:02.827+01:00  INFO 5208 --- [Celonis_Service] [pool-4-thread-1] c.e.C.Service.VerifyApplicantWorker      : LOG_ID=13531dab-fe6b-4803-a5df-da7c98d587cd | STATUS=PARSING_ERROR | ACTIVITY=Activity_061ak10 | MESSAGE=Invalid number format: For input string: "BSC" | DURATION=75ms
2026-04-27T10:10:02.917+01:00 ERROR 5208 --- [Celonis_Service] [pool-4-thread-1] c.e.C.Service.VerifyApplicantWorker      : PARSING ERROR | process=6755399441060490 | For input string: "BSC"
2026-04-27T10:10:02.987+01:00  INFO 5208 --- [Celonis_Service] [pool-4-thread-1] c.e.C.Service.VerifyApplicantWorker      : LOG_ID=1c1358a3-0c5a-463c-87bf-021dd40d3ea0 | STATUS=PARSING_ERROR | ACTIVITY=Activity_061ak10 | MESSAGE=Invalid number format: For input string: "BSC" | DURATION=70ms
2026-04-27T10:10:03.067+01:00 ERROR 5208 --- [Celonis_Service] [pool-4-thread-1] c.e.C.Service.VerifyApplicantWorker      : PARSING ERROR | process=6755399441060490 | For input string: "BSC"
2026-04-27T10:10:03.147+01:00  INFO 5208 --- [Celonis_Service] [pool-4-thread-1] c.e.C.Service.VerifyApplicantWorker      : LOG_ID=27b1e949-8cb9-4a89-8a24-bf625d0c3923 | STATUS=PARSING_ERROR | ACTIVITY=Activity_061ak10 | MESSAGE=Invalid number format: For input string: "BSC" | DURATION=80ms
2026-04-27T10:24:10.034+01:00  INFO 5208 --- [Celonis_Service] [http-nio-8082-exec-1] o.a.c.c.C.[Tomcat].[localhost].[/]       : Initializing Spring DispatcherServlet 'dispatcherServlet'
2026-04-27T10:24:10.035+01:00  INFO 5208 --- [Celonis_Service] [http-nio-8082-exec-1] o.s.web.servlet.DispatcherServlet        : Initializing Servlet 'dispatcherServlet'
2026-04-27T10:24:10.037+01:00  INFO 5208 --- [Celonis_Service] [http-nio-8082-exec-1] o.s.web.servlet.DispatcherServlet        : Completed initialization in 2 ms
2026-04-27T10:31:52.198+01:00  INFO 5208 --- [Celonis_Service] [SpringApplicationShutdownHook] o.s.boot.tomcat.GracefulShutdown         : Commencing graceful shutdown. Waiting for active requests to complete
2026-04-27T10:31:52.205+01:00  INFO 5208 --- [Celonis_Service] [tomcat-shutdown] o.s.boot.tomcat.GracefulShutdown         : Graceful shutdown complete
2026-04-27T10:31:52.231+01:00  INFO 5208 --- [Celonis_Service] [SpringApplicationShutdownHook] j.LocalContainerEntityManagerFactoryBean : Closing JPA EntityManagerFactory for persistence unit 'default'
2026-04-27T10:31:52.234+01:00  INFO 5208 --- [Celonis_Service] [SpringApplicationShutdownHook] com.zaxxer.hikari.HikariDataSource       : HikariPool-1 - Shutdown initiated...
2026-04-27T10:31:52.237+01:00  INFO 5208 --- [Celonis_Service] [SpringApplicationShutdownHook] com.zaxxer.hikari.HikariDataSource       : HikariPool-1 - Shutdown completed.
2026-04-27T10:32:08.600+01:00  INFO 4628 --- [Celonis_Service] [main] c.e.C.CelonisServiceApplication          : Starting CelonisServiceApplication using Java 26 with PID 4628 (C:\Users\eya.benslimene_amari\Downloads\Celonis_Service\Celonis_Service\target\classes started by eya.benslimene_amari in C:\Users\eya.benslimene_amari\Downloads\Celonis_Service\Celonis_Service)
2026-04-27T10:32:08.602+01:00  INFO 4628 --- [Celonis_Service] [main] c.e.C.CelonisServiceApplication          : No active profile set, falling back to 1 default profile: "default"
2026-04-27T10:32:09.522+01:00  INFO 4628 --- [Celonis_Service] [main] .s.d.r.c.RepositoryConfigurationDelegate : Multiple Spring Data modules found, entering strict repository configuration mode
2026-04-27T10:32:09.524+01:00  INFO 4628 --- [Celonis_Service] [main] .s.d.r.c.RepositoryConfigurationDelegate : Bootstrapping Spring Data JPA repositories in DEFAULT mode.
2026-04-27T10:32:09.566+01:00  INFO 4628 --- [Celonis_Service] [main] .RepositoryConfigurationExtensionSupport : Spring Data JPA - Could not safely identify store assignment for repository candidate interface com.example.Celonis_Service.Repo.ActivityLogRepository; If you want this repository to be a JPA repository, consider annotating your entities with one of these annotations: jakarta.persistence.Entity, jakarta.persistence.MappedSuperclass (preferred), or consider extending one of the following types with your repository: org.springframework.data.jpa.repository.JpaRepository
2026-04-27T10:32:09.589+01:00  INFO 4628 --- [Celonis_Service] [main] .s.d.r.c.RepositoryConfigurationDelegate : Finished Spring Data repository scanning in 54 ms. Found 1 JPA repository interface.
2026-04-27T10:32:10.077+01:00  INFO 4628 --- [Celonis_Service] [main] o.s.boot.tomcat.TomcatWebServer          : Tomcat initialized with port 8082 (http)
2026-04-27T10:32:10.088+01:00  INFO 4628 --- [Celonis_Service] [main] o.apache.catalina.core.StandardService   : Starting service [Tomcat]
2026-04-27T10:32:10.089+01:00  INFO 4628 --- [Celonis_Service] [main] o.apache.catalina.core.StandardEngine    : Starting Servlet engine: [Apache Tomcat/11.0.20]
2026-04-27T10:32:10.132+01:00  INFO 4628 --- [Celonis_Service] [main] b.w.c.s.WebApplicationContextInitializer : Root WebApplicationContext: initialization completed in 1485 ms
2026-04-27T10:32:10.312+01:00  INFO 4628 --- [Celonis_Service] [main] org.hibernate.orm.jpa                    : HHH008540: Processing PersistenceUnitInfo [name: default]
2026-04-27T10:32:10.383+01:00  INFO 4628 --- [Celonis_Service] [main] org.hibernate.orm.core                   : HHH000001: Hibernate ORM core version 7.2.7.Final
2026-04-27T10:32:10.787+01:00  INFO 4628 --- [Celonis_Service] [main] o.s.o.j.p.SpringPersistenceUnitInfo      : No LoadTimeWeaver setup: ignoring JPA class transformer
2026-04-27T10:32:10.817+01:00  INFO 4628 --- [Celonis_Service] [main] com.zaxxer.hikari.HikariDataSource       : HikariPool-1 - Starting...
2026-04-27T10:32:10.956+01:00  INFO 4628 --- [Celonis_Service] [main] com.zaxxer.hikari.pool.HikariPool        : HikariPool-1 - Added connection conn0: url=jdbc:h2:mem:testdb user=SA
2026-04-27T10:32:10.957+01:00  INFO 4628 --- [Celonis_Service] [main] com.zaxxer.hikari.HikariDataSource       : HikariPool-1 - Start completed.
2026-04-27T10:32:10.984+01:00  WARN 4628 --- [Celonis_Service] [main] org.hibernate.orm.deprecation            : HHH90000025: H2Dialect does not need to be specified explicitly using 'hibernate.dialect' (remove the property setting and it will be selected by default)
2026-04-27T10:32:11.010+01:00  INFO 4628 --- [Celonis_Service] [main] org.hibernate.orm.connections.pooling    : HHH10001005: Database info:
	Database JDBC URL [jdbc:h2:mem:testdb]
	Database driver: H2 JDBC Driver
	Database dialect: H2Dialect
	Database version: 2.4.240
	Default catalog/schema: TESTDB/PUBLIC
	Autocommit mode: undefined/unknown
	Isolation level: READ_COMMITTED [default READ_COMMITTED]
	JDBC fetch size: 100
	Pool: DataSourceConnectionProvider
	Minimum pool size: undefined/unknown
	Maximum pool size: undefined/unknown
2026-04-27T10:32:11.802+01:00  INFO 4628 --- [Celonis_Service] [main] org.hibernate.orm.core                   : HHH000489: No JTA platform available (set 'hibernate.transaction.jta.platform' to enable JTA platform integration)
2026-04-27T10:32:11.854+01:00  INFO 4628 --- [Celonis_Service] [main] j.LocalContainerEntityManagerFactoryBean : Initialized JPA EntityManagerFactory for persistence unit 'default'
2026-04-27T10:32:11.934+01:00  INFO 4628 --- [Celonis_Service] [main] o.s.d.j.r.query.QueryEnhancerFactories   : Hibernate is in classpath; If applicable, HQL parser will be used.
2026-04-27T10:32:12.931+01:00  WARN 4628 --- [Celonis_Service] [main] JpaBaseConfiguration$JpaWebConfiguration : spring.jpa.open-in-view is enabled by default. Therefore, database queries may be performed during view rendering. Explicitly configure spring.jpa.open-in-view to disable this warning
2026-04-27T10:32:12.997+01:00  INFO 4628 --- [Celonis_Service] [main] r$InitializeUserDetailsManagerConfigurer : Global AuthenticationManager configured with UserDetailsService bean with name inMemoryUserDetailsManager
2026-04-27T10:32:13.358+01:00  INFO 4628 --- [Celonis_Service] [main] o.s.boot.tomcat.TomcatWebServer          : Tomcat started on port 8082 (http) with context path '/'
2026-04-27T10:32:13.362+01:00  INFO 4628 --- [Celonis_Service] [main] c.e.C.CelonisServiceApplication          : Started CelonisServiceApplication in 5.138 seconds (process running for 8.52)
2026-04-27T10:33:34.258+01:00  INFO 4628 --- [Celonis_Service] [pool-4-thread-1] c.e.C.Service.VerifyApplicantWorker      : Calling product API: https://dummyjson.com/products/999999999
2026-04-27T10:33:34.748+01:00  WARN 4628 --- [Celonis_Service] [pool-4-thread-1] c.e.C.Service.VerifyApplicantWorker      : API CALL FAILED: 404 Not Found on GET request for "https://dummyjson.com/products/999999999": "{"message":"Product with id '999999999' not found"}"
2026-04-27T10:33:34.749+01:00 ERROR 4628 --- [Celonis_Service] [pool-4-thread-1] c.e.C.Service.VerifyApplicantWorker      : API ERROR | process=2251799813691978 | API_ERROR: 404 Not Found on GET request for "https://dummyjson.com/products/999999999": "{"message":"Product with id '999999999' not found"}"
2026-04-27T10:33:34.991+01:00  INFO 4628 --- [Celonis_Service] [pool-4-thread-1] c.e.C.Service.VerifyApplicantWorker      : LOG_ID=5610f041-e4e6-409c-bc23-911a0a24fd17 | STATUS=API_ERROR | ACTIVITY=Activity_061ak10 | MESSAGE=API_ERROR: 404 Not Found on GET request for "https://dummyjson.com/products/999999999": "{"message":"Product with id '999999999' not found"}" | DURATION=579ms
2026-04-27T10:33:35.078+01:00  INFO 4628 --- [Celonis_Service] [pool-4-thread-1] c.e.C.Service.VerifyApplicantWorker      : Calling product API: https://dummyjson.com/products/999999999
2026-04-27T10:33:35.251+01:00  WARN 4628 --- [Celonis_Service] [pool-4-thread-1] c.e.C.Service.VerifyApplicantWorker      : API CALL FAILED: 404 Not Found on GET request for "https://dummyjson.com/products/999999999": "{"message":"Product with id '999999999' not found"}"
2026-04-27T10:33:35.252+01:00 ERROR 4628 --- [Celonis_Service] [pool-4-thread-1] c.e.C.Service.VerifyApplicantWorker      : API ERROR | process=2251799813691978 | API_ERROR: 404 Not Found on GET request for "https://dummyjson.com/products/999999999": "{"message":"Product with id '999999999' not found"}"
2026-04-27T10:33:35.319+01:00  INFO 4628 --- [Celonis_Service] [pool-4-thread-1] c.e.C.Service.VerifyApplicantWorker      : LOG_ID=cb5525c2-c7a8-4722-a8aa-cf4f5e75496e | STATUS=API_ERROR | ACTIVITY=Activity_061ak10 | MESSAGE=API_ERROR: 404 Not Found on GET request for "https://dummyjson.com/products/999999999": "{"message":"Product with id '999999999' not found"}" | DURATION=241ms
2026-04-27T10:33:35.408+01:00  INFO 4628 --- [Celonis_Service] [pool-4-thread-1] c.e.C.Service.VerifyApplicantWorker      : Calling product API: https://dummyjson.com/products/999999999
2026-04-27T10:33:35.558+01:00  WARN 4628 --- [Celonis_Service] [pool-4-thread-1] c.e.C.Service.VerifyApplicantWorker      : API CALL FAILED: 404 Not Found on GET request for "https://dummyjson.com/products/999999999": "{"message":"Product with id '999999999' not found"}"
2026-04-27T10:33:35.558+01:00 ERROR 4628 --- [Celonis_Service] [pool-4-thread-1] c.e.C.Service.VerifyApplicantWorker      : API ERROR | process=2251799813691978 | API_ERROR: 404 Not Found on GET request for "https://dummyjson.com/products/999999999": "{"message":"Product with id '999999999' not found"}"
2026-04-27T10:33:35.643+01:00  INFO 4628 --- [Celonis_Service] [pool-4-thread-1] c.e.C.Service.VerifyApplicantWorker      : LOG_ID=8ffa8de7-2289-490a-a610-f2ed05af94ae | STATUS=API_ERROR | ACTIVITY=Activity_061ak10 | MESSAGE=API_ERROR: 404 Not Found on GET request for "https://dummyjson.com/products/999999999": "{"message":"Product with id '999999999' not found"}" | DURATION=234ms
2026-04-27T10:34:07.247+01:00  INFO 4628 --- [Celonis_Service] [http-nio-8082-exec-1] o.a.c.c.C.[Tomcat].[localhost].[/]       : Initializing Spring DispatcherServlet 'dispatcherServlet'
2026-04-27T10:34:07.247+01:00  INFO 4628 --- [Celonis_Service] [http-nio-8082-exec-1] o.s.web.servlet.DispatcherServlet        : Initializing Servlet 'dispatcherServlet'
2026-04-27T10:34:07.249+01:00  INFO 4628 --- [Celonis_Service] [http-nio-8082-exec-1] o.s.web.servlet.DispatcherServlet        : Completed initialization in 2 ms
2026-04-27T10:34:53.546+01:00  INFO 4628 --- [Celonis_Service] [SpringApplicationShutdownHook] o.s.boot.tomcat.GracefulShutdown         : Commencing graceful shutdown. Waiting for active requests to complete
2026-04-27T10:34:53.552+01:00  INFO 4628 --- [Celonis_Service] [tomcat-shutdown] o.s.boot.tomcat.GracefulShutdown         : Graceful shutdown complete
2026-04-27T10:34:53.568+01:00  INFO 4628 --- [Celonis_Service] [SpringApplicationShutdownHook] j.LocalContainerEntityManagerFactoryBean : Closing JPA EntityManagerFactory for persistence unit 'default'
2026-04-27T10:34:53.570+01:00  INFO 4628 --- [Celonis_Service] [SpringApplicationShutdownHook] com.zaxxer.hikari.HikariDataSource       : HikariPool-1 - Shutdown initiated...
2026-04-27T10:34:53.573+01:00  INFO 4628 --- [Celonis_Service] [SpringApplicationShutdownHook] com.zaxxer.hikari.HikariDataSource       : HikariPool-1 - Shutdown completed.
2026-04-27T10:34:56.189+01:00  INFO 10052 --- [Celonis_Service] [main] c.e.C.CelonisServiceApplication          : Starting CelonisServiceApplication using Java 26 with PID 10052 (C:\Users\eya.benslimene_amari\Downloads\Celonis_Service\Celonis_Service\target\classes started by eya.benslimene_amari in C:\Users\eya.benslimene_amari\Downloads\Celonis_Service\Celonis_Service)
2026-04-27T10:34:56.195+01:00  INFO 10052 --- [Celonis_Service] [main] c.e.C.CelonisServiceApplication          : No active profile set, falling back to 1 default profile: "default"
2026-04-27T10:34:56.841+01:00  INFO 10052 --- [Celonis_Service] [main] .s.d.r.c.RepositoryConfigurationDelegate : Multiple Spring Data modules found, entering strict repository configuration mode
2026-04-27T10:34:56.842+01:00  INFO 10052 --- [Celonis_Service] [main] .s.d.r.c.RepositoryConfigurationDelegate : Bootstrapping Spring Data JPA repositories in DEFAULT mode.
2026-04-27T10:34:56.865+01:00  INFO 10052 --- [Celonis_Service] [main] .RepositoryConfigurationExtensionSupport : Spring Data JPA - Could not safely identify store assignment for repository candidate interface com.example.Celonis_Service.Repo.ActivityLogRepository; If you want this repository to be a JPA repository, consider annotating your entities with one of these annotations: jakarta.persistence.Entity, jakarta.persistence.MappedSuperclass (preferred), or consider extending one of the following types with your repository: org.springframework.data.jpa.repository.JpaRepository
2026-04-27T10:34:56.877+01:00  INFO 10052 --- [Celonis_Service] [main] .s.d.r.c.RepositoryConfigurationDelegate : Finished Spring Data repository scanning in 29 ms. Found 1 JPA repository interface.
2026-04-27T10:34:57.316+01:00  INFO 10052 --- [Celonis_Service] [main] o.s.boot.tomcat.TomcatWebServer          : Tomcat initialized with port 8082 (http)
2026-04-27T10:34:57.324+01:00  INFO 10052 --- [Celonis_Service] [main] o.apache.catalina.core.StandardService   : Starting service [Tomcat]
2026-04-27T10:34:57.324+01:00  INFO 10052 --- [Celonis_Service] [main] o.apache.catalina.core.StandardEngine    : Starting Servlet engine: [Apache Tomcat/11.0.20]
2026-04-27T10:34:57.361+01:00  INFO 10052 --- [Celonis_Service] [main] b.w.c.s.WebApplicationContextInitializer : Root WebApplicationContext: initialization completed in 1094 ms
2026-04-27T10:34:57.555+01:00  INFO 10052 --- [Celonis_Service] [main] org.hibernate.orm.jpa                    : HHH008540: Processing PersistenceUnitInfo [name: default]
2026-04-27T10:34:57.600+01:00  INFO 10052 --- [Celonis_Service] [main] org.hibernate.orm.core                   : HHH000001: Hibernate ORM core version 7.2.7.Final
2026-04-27T10:34:57.921+01:00  INFO 10052 --- [Celonis_Service] [main] o.s.o.j.p.SpringPersistenceUnitInfo      : No LoadTimeWeaver setup: ignoring JPA class transformer
2026-04-27T10:34:57.949+01:00  INFO 10052 --- [Celonis_Service] [main] com.zaxxer.hikari.HikariDataSource       : HikariPool-1 - Starting...
2026-04-27T10:34:58.067+01:00  INFO 10052 --- [Celonis_Service] [main] com.zaxxer.hikari.pool.HikariPool        : HikariPool-1 - Added connection conn0: url=jdbc:h2:mem:testdb user=SA
2026-04-27T10:34:58.070+01:00  INFO 10052 --- [Celonis_Service] [main] com.zaxxer.hikari.HikariDataSource       : HikariPool-1 - Start completed.
2026-04-27T10:34:58.089+01:00  WARN 10052 --- [Celonis_Service] [main] org.hibernate.orm.deprecation            : HHH90000025: H2Dialect does not need to be specified explicitly using 'hibernate.dialect' (remove the property setting and it will be selected by default)
2026-04-27T10:34:58.109+01:00  INFO 10052 --- [Celonis_Service] [main] org.hibernate.orm.connections.pooling    : HHH10001005: Database info:
	Database JDBC URL [jdbc:h2:mem:testdb]
	Database driver: H2 JDBC Driver
	Database dialect: H2Dialect
	Database version: 2.4.240
	Default catalog/schema: TESTDB/PUBLIC
	Autocommit mode: undefined/unknown
	Isolation level: READ_COMMITTED [default READ_COMMITTED]
	JDBC fetch size: 100
	Pool: DataSourceConnectionProvider
	Minimum pool size: undefined/unknown
	Maximum pool size: undefined/unknown
2026-04-27T10:34:58.774+01:00  INFO 10052 --- [Celonis_Service] [main] org.hibernate.orm.core                   : HHH000489: No JTA platform available (set 'hibernate.transaction.jta.platform' to enable JTA platform integration)
2026-04-27T10:34:58.839+01:00  INFO 10052 --- [Celonis_Service] [main] j.LocalContainerEntityManagerFactoryBean : Initialized JPA EntityManagerFactory for persistence unit 'default'
2026-04-27T10:34:58.915+01:00  INFO 10052 --- [Celonis_Service] [main] o.s.d.j.r.query.QueryEnhancerFactories   : Hibernate is in classpath; If applicable, HQL parser will be used.
2026-04-27T10:34:59.824+01:00  WARN 10052 --- [Celonis_Service] [main] JpaBaseConfiguration$JpaWebConfiguration : spring.jpa.open-in-view is enabled by default. Therefore, database queries may be performed during view rendering. Explicitly configure spring.jpa.open-in-view to disable this warning
2026-04-27T10:34:59.904+01:00  INFO 10052 --- [Celonis_Service] [main] r$InitializeUserDetailsManagerConfigurer : Global AuthenticationManager configured with UserDetailsService bean with name inMemoryUserDetailsManager
2026-04-27T10:35:00.314+01:00  INFO 10052 --- [Celonis_Service] [main] o.s.boot.tomcat.TomcatWebServer          : Tomcat started on port 8082 (http) with context path '/'
2026-04-27T10:35:00.320+01:00  INFO 10052 --- [Celonis_Service] [main] c.e.C.CelonisServiceApplication          : Started CelonisServiceApplication in 4.753 seconds (process running for 5.613)
2026-04-27T10:35:37.409+01:00 ERROR 10052 --- [Celonis_Service] [pool-4-thread-1] c.e.C.Service.VerifyApplicantWorker      : PARSING ERROR | process=4503599627377330 | For input string: "TEST"
2026-04-27T10:35:37.602+01:00  INFO 10052 --- [Celonis_Service] [pool-4-thread-1] c.e.C.Service.VerifyApplicantWorker      : LOG_ID=59e53637-957e-4cc0-a6d7-e0ae53ba7a10 | STATUS=PARSING_ERROR | ACTIVITY=Activity_061ak10 | MESSAGE=Invalid number format: For input string: "TEST" | DURATION=78ms
2026-04-27T10:35:37.690+01:00 ERROR 10052 --- [Celonis_Service] [pool-4-thread-1] c.e.C.Service.VerifyApplicantWorker      : PARSING ERROR | process=4503599627377330 | For input string: "TEST"
2026-04-27T10:35:37.765+01:00  INFO 10052 --- [Celonis_Service] [pool-4-thread-1] c.e.C.Service.VerifyApplicantWorker      : LOG_ID=72fc022c-33d7-4bab-986b-ed9b7a3b4087 | STATUS=PARSING_ERROR | ACTIVITY=Activity_061ak10 | MESSAGE=Invalid number format: For input string: "TEST" | DURATION=73ms
2026-04-27T10:35:37.850+01:00 ERROR 10052 --- [Celonis_Service] [pool-4-thread-1] c.e.C.Service.VerifyApplicantWorker      : PARSING ERROR | process=4503599627377330 | For input string: "TEST"
2026-04-27T10:35:37.925+01:00  INFO 10052 --- [Celonis_Service] [pool-4-thread-1] c.e.C.Service.VerifyApplicantWorker      : LOG_ID=ff50ba90-6c50-40b0-802c-5c3eecf5cf68 | STATUS=PARSING_ERROR | ACTIVITY=Activity_061ak10 | MESSAGE=Invalid number format: For input string: "TEST" | DURATION=72ms
2026-04-27T10:36:04.967+01:00  INFO 10052 --- [Celonis_Service] [http-nio-8082-exec-1] o.a.c.c.C.[Tomcat].[localhost].[/]       : Initializing Spring DispatcherServlet 'dispatcherServlet'
2026-04-27T10:36:04.968+01:00  INFO 10052 --- [Celonis_Service] [http-nio-8082-exec-1] o.s.web.servlet.DispatcherServlet        : Initializing Servlet 'dispatcherServlet'
2026-04-27T10:36:04.969+01:00  INFO 10052 --- [Celonis_Service] [http-nio-8082-exec-1] o.s.web.servlet.DispatcherServlet        : Completed initialization in 1 ms
